<?xml version="1.0" encoding="UTF-8"?>
<!-- Generated by org.testng.reporters.JUnitReportReporter -->
<testsuite skipped="0" hostname="qapitol-ThinkPad-L470" name="restAssuredUsingGit.test.Test1PS" tests="4" failures="0" timestamp="31 Jul 2019 08:38:38 GMT" time="3.046" errors="0">
  <testcase name="testCreatingNewEmployee" time="2.928" classname="restAssuredUsingGit.test.Test1PS"/>
  <testcase name="testUpdatingAnEmployee" time="0.040" classname="restAssuredUsingGit.test.Test1PS"/>
  <testcase name="testAllEmployees" time="0.041" classname="restAssuredUsingGit.test.Test1PS"/>
  <testcase name="testSpecificEmployee" time="0.037" classname="restAssuredUsingGit.test.Test1PS"/>
</testsuite> <!-- restAssuredUsingGit.test.Test1PS -->
